生成启动时间为 2018/10/17 21:27:05。
     1>项目“D:\TL-BITE\C-first\Practice4\Practice4\Practice4.vcxproj”在节点 2 上(Build 个目标)。
     1>ClCompile:
         D:\BaiduNetdiskDownload\VS2013\VC\bin\CL.exe /c /ZI /nologo /W3 /WX- /sdl /Od /Oy- /D _MBCS /Gm /EHsc /RTC1 /MDd /GS /fp:precise /Zc:wchar_t /Zc:forScope /Fo"Debug\\" /Fd"Debug\vc120.pdb" /Gd /TC /analyze- /errorReport:prompt test.c
         test.c
     1>d:\tl-bite\c-first\practice4\practice4\test.c(17): warning C4013: “snprintf”未定义；假设外部返回 int
       Link:
         D:\BaiduNetdiskDownload\VS2013\VC\bin\link.exe /ERRORREPORT:PROMPT /OUT:"D:\TL-BITE\C-first\Practice4\Debug\Practice4.exe" /INCREMENTAL /NOLOGO kernel32.lib user32.lib gdi32.lib winspool.lib comdlg32.lib advapi32.lib shell32.lib ole32.lib oleaut32.lib uuid.lib odbc32.lib odbccp32.lib /MANIFEST /MANIFESTUAC:"level='asInvoker' uiAccess='false'" /manifest:embed /DEBUG /PDB:"D:\TL-BITE\C-first\Practice4\Debug\Practice4.pdb" /TLBID:1 /DYNAMICBASE /NXCOMPAT /IMPLIB:"D:\TL-BITE\C-first\Practice4\Debug\Practice4.lib" /MACHINE:X86 Debug\test.obj
     1>test.obj : error LNK2019: 无法解析的外部符号 _snprintf，该符号在函数 _fun 中被引用
     1>D:\TL-BITE\C-first\Practice4\Debug\Practice4.exe : fatal error LNK1120: 1 个无法解析的外部命令
     1>已完成生成项目“D:\TL-BITE\C-first\Practice4\Practice4\Practice4.vcxproj”(Build 个目标)的操作 - 失败。

生成失败。

已用时间 00:00:01.40
